<?xml version="1.0" encoding="UTF-8"?>
<robot generator="Robot 6.1.1 (Python 3.11.3 on win32)" generated="20231108 18:35:58.151" rpa="false" schemaversion="4">
<suite id="s1" name="TC1" source="C:\coding\RobotFramework_Pavan\Project_1\TestCases\TC1.robot">
<test id="s1-t1" name="LoginTest" line="11">
<kw name="Open Browser" library="SeleniumLibrary">
<arg>${url}</arg>
<arg>${browser}</arg>
<doc>Opens a new browser instance to the optional ``url``.</doc>
<msg timestamp="20231108 18:35:58.367" level="INFO">Opening browser 'edge' to base url 'http://demo.nopcommerce.com/'.</msg>
<msg timestamp="20231108 18:35:58.377" level="INFO">Executing: C:\Users\lauri\AppData\Local\Programs\Python\Python311\Lib\site-packages\selenium\webdriver\common\windows\selenium-manager.exe --browser edge --output json</msg>
<status status="PASS" starttime="20231108 18:35:58.367" endtime="20231108 18:36:03.453"/>
</kw>
<kw name="Maximize Browser Window" library="SeleniumLibrary">
<doc>Maximizes current browser window.</doc>
<status status="PASS" starttime="20231108 18:36:03.454" endtime="20231108 18:36:03.840"/>
</kw>
<kw name="loginToApplication">
<kw name="Click Link" library="SeleniumLibrary">
<arg>xpath:/html/body/div[6]/div[1]/div[1]/div[2]/div[1]/ul/li[2]/a</arg>
<doc>Clicks a link identified by ``locator``.</doc>
<msg timestamp="20231108 18:36:03.845" level="INFO">Clicking link 'xpath:/html/body/div[6]/div[1]/div[1]/div[2]/div[1]/ul/li[2]/a'.</msg>
<status status="PASS" starttime="20231108 18:36:03.845" endtime="20231108 18:36:04.829"/>
</kw>
<kw name="Input Text" library="SeleniumLibrary">
<arg>id:Email</arg>
<arg>lkyttl@gmail.com</arg>
<doc>Types the given ``text`` into the text field identified by ``locator``.</doc>
<msg timestamp="20231108 18:36:04.830" level="INFO">Typing text 'lkyttl@gmail.com' into text field 'id:Email'.</msg>
<status status="PASS" starttime="20231108 18:36:04.829" endtime="20231108 18:36:04.927"/>
</kw>
<kw name="Input Text" library="SeleniumLibrary">
<arg>id:Password</arg>
<arg>Tammiholma123</arg>
<doc>Types the given ``text`` into the text field identified by ``locator``.</doc>
<msg timestamp="20231108 18:36:04.928" level="INFO">Typing text 'Tammiholma123' into text field 'id:Password'.</msg>
<status status="PASS" starttime="20231108 18:36:04.927" endtime="20231108 18:36:05.025"/>
</kw>
<kw name="Sleep" library="BuiltIn">
<arg>0.5</arg>
<doc>Pauses the test executed for the given time.</doc>
<msg timestamp="20231108 18:36:05.526" level="INFO">Slept 500 milliseconds</msg>
<status status="PASS" starttime="20231108 18:36:05.025" endtime="20231108 18:36:05.526"/>
</kw>
<kw name="Click Element" library="SeleniumLibrary">
<arg>xpath:/html/body/div[6]/div[3]/div/div/div/div[2]/div[1]/div[2]/form/div[3]/button</arg>
<doc>Click the element identified by ``locator``.</doc>
<msg timestamp="20231108 18:36:05.526" level="INFO">Clicking element 'xpath:/html/body/div[6]/div[3]/div/div/div/div[2]/div[1]/div[2]/form/div[3]/button'.</msg>
<status status="PASS" starttime="20231108 18:36:05.526" endtime="20231108 18:36:06.155"/>
</kw>
<kw name="Sleep" library="BuiltIn">
<arg>2</arg>
<doc>Pauses the test executed for the given time.</doc>
<msg timestamp="20231108 18:36:08.156" level="INFO">Slept 2 seconds</msg>
<status status="PASS" starttime="20231108 18:36:06.155" endtime="20231108 18:36:08.156"/>
</kw>
<kw name="Click Element" library="SeleniumLibrary">
<arg>xpath:/html/body/div[6]/div[1]/div[1]/div[2]/div[1]/ul/li[2]/a</arg>
<doc>Click the element identified by ``locator``.</doc>
<msg timestamp="20231108 18:36:08.156" level="INFO">Clicking element 'xpath:/html/body/div[6]/div[1]/div[1]/div[2]/div[1]/ul/li[2]/a'.</msg>
<status status="PASS" starttime="20231108 18:36:08.156" endtime="20231108 18:36:08.834"/>
</kw>
<status status="PASS" starttime="20231108 18:36:03.844" endtime="20231108 18:36:08.834"/>
</kw>
<kw name="Sleep" library="BuiltIn">
<arg>10</arg>
<doc>Pauses the test executed for the given time.</doc>
<msg timestamp="20231108 18:36:18.836" level="INFO">Slept 10 seconds</msg>
<status status="PASS" starttime="20231108 18:36:08.835" endtime="20231108 18:36:18.836"/>
</kw>
<status status="PASS" starttime="20231108 18:35:58.366" endtime="20231108 18:36:18.836"/>
</test>
<status status="PASS" starttime="20231108 18:35:58.155" endtime="20231108 18:36:18.838"/>
</suite>
<statistics>
<total>
<stat pass="1" fail="0" skip="0">All Tests</stat>
</total>
<tag>
</tag>
<suite>
<stat pass="1" fail="0" skip="0" id="s1" name="TC1">TC1</stat>
</suite>
</statistics>
<errors>
</errors>
</robot>
