<?xml version="1.0" encoding="UTF-8"?>
<robot generator="Robot 6.1.1 (Python 3.11.3 on win32)" generated="20231109 09:33:21.530" rpa="false" schemaversion="4">
<suite id="s1" name="TC1" source="C:\coding\RobotFramework_Pavan\Project_1\TestCases\TC1.robot">
<test id="s1-t1" name="LoginTest" line="11">
<kw name="Open Browser" library="SeleniumLibrary">
<arg>${url}</arg>
<arg>${browser}</arg>
<doc>Opens a new browser instance to the optional ``url``.</doc>
<msg timestamp="20231109 09:33:21.729" level="INFO">Opening browser 'chrome' to base url 'http://demo.nopcommerce.com/'.</msg>
<status status="PASS" starttime="20231109 09:33:21.728" endtime="20231109 09:33:25.686"/>
</kw>
<kw name="Maximize Browser Window" library="SeleniumLibrary">
<doc>Maximizes current browser window.</doc>
<status status="PASS" starttime="20231109 09:33:25.687" endtime="20231109 09:33:25.807"/>
</kw>
<kw name="loginToApplication">
<kw name="Click Link" library="SeleniumLibrary">
<arg>xpath:/html/body/div[6]/div[1]/div[1]/div[2]/div[1]/ul/li[2]/a</arg>
<doc>Clicks a link identified by ``locator``.</doc>
<msg timestamp="20231109 09:33:25.808" level="INFO">Clicking link 'xpath:/html/body/div[6]/div[1]/div[1]/div[2]/div[1]/ul/li[2]/a'.</msg>
<status status="PASS" starttime="20231109 09:33:25.808" endtime="20231109 09:33:26.191"/>
</kw>
<kw name="Input Text" library="SeleniumLibrary">
<arg>id:Email</arg>
<arg>lkyttl@gmail.com</arg>
<doc>Types the given ``text`` into the text field identified by ``locator``.</doc>
<msg timestamp="20231109 09:33:26.192" level="INFO">Typing text 'lkyttl@gmail.com' into text field 'id:Email'.</msg>
<status status="PASS" starttime="20231109 09:33:26.191" endtime="20231109 09:33:26.310"/>
</kw>
<kw name="Input Text" library="SeleniumLibrary">
<arg>id:Password</arg>
<arg>Tammiholma123</arg>
<doc>Types the given ``text`` into the text field identified by ``locator``.</doc>
<msg timestamp="20231109 09:33:26.310" level="INFO">Typing text 'Tammiholma123' into text field 'id:Password'.</msg>
<status status="PASS" starttime="20231109 09:33:26.310" endtime="20231109 09:33:26.412"/>
</kw>
<kw name="Sleep" library="BuiltIn">
<arg>0.5</arg>
<doc>Pauses the test executed for the given time.</doc>
<msg timestamp="20231109 09:33:26.913" level="INFO">Slept 500 milliseconds</msg>
<status status="PASS" starttime="20231109 09:33:26.412" endtime="20231109 09:33:26.913"/>
</kw>
<kw name="Click Element" library="SeleniumLibrary">
<arg>xpath:/html/body/div[6]/div[3]/div/div/div/div[2]/div[1]/div[2]/form/div[3]/button</arg>
<doc>Click the element identified by ``locator``.</doc>
<msg timestamp="20231109 09:33:26.915" level="INFO">Clicking element 'xpath:/html/body/div[6]/div[3]/div/div/div/div[2]/div[1]/div[2]/form/div[3]/button'.</msg>
<status status="PASS" starttime="20231109 09:33:26.913" endtime="20231109 09:33:27.637"/>
</kw>
<kw name="Sleep" library="BuiltIn">
<arg>2</arg>
<doc>Pauses the test executed for the given time.</doc>
<msg timestamp="20231109 09:33:29.637" level="INFO">Slept 2 seconds</msg>
<status status="PASS" starttime="20231109 09:33:27.637" endtime="20231109 09:33:29.637"/>
</kw>
<kw name="Click Element" library="SeleniumLibrary">
<arg>xpath:/html/body/div[6]/div[1]/div[1]/div[2]/div[1]/ul/li[2]/a</arg>
<doc>Click the element identified by ``locator``.</doc>
<msg timestamp="20231109 09:33:29.637" level="INFO">Clicking element 'xpath:/html/body/div[6]/div[1]/div[1]/div[2]/div[1]/ul/li[2]/a'.</msg>
<status status="PASS" starttime="20231109 09:33:29.637" endtime="20231109 09:33:30.221"/>
</kw>
<status status="PASS" starttime="20231109 09:33:25.808" endtime="20231109 09:33:30.221"/>
</kw>
<kw name="Sleep" library="BuiltIn">
<arg>4</arg>
<doc>Pauses the test executed for the given time.</doc>
<msg timestamp="20231109 09:33:34.223" level="INFO">Slept 4 seconds</msg>
<status status="PASS" starttime="20231109 09:33:30.222" endtime="20231109 09:33:34.224"/>
</kw>
<status status="PASS" starttime="20231109 09:33:21.728" endtime="20231109 09:33:34.228"/>
</test>
<status status="PASS" starttime="20231109 09:33:21.534" endtime="20231109 09:33:34.233"/>
</suite>
<statistics>
<total>
<stat pass="1" fail="0" skip="0">All Tests</stat>
</total>
<tag>
</tag>
<suite>
<stat pass="1" fail="0" skip="0" id="s1" name="TC1">TC1</stat>
</suite>
</statistics>
<errors>
</errors>
</robot>
