<?xml version="1.0" encoding="UTF-8"?>
<robot generator="Robot 6.1.1 (Python 3.11.3 on win32)" generated="20231109 09:13:01.903" rpa="false" schemaversion="4">
<suite id="s1" name="TC1" source="C:\coding\RobotFramework_Pavan\Project_1\TestCases\TC1.robot">
<test id="s1-t1" name="LoginTest" line="11">
<kw name="Open Browser" library="SeleniumLibrary">
<arg>${url}</arg>
<arg>${browser}</arg>
<doc>Opens a new browser instance to the optional ``url``.</doc>
<msg timestamp="20231109 09:13:02.098" level="INFO">Opening browser 'edge' to base url 'http://demo.nopcommerce.com/'.</msg>
<msg timestamp="20231109 09:13:02.108" level="INFO">Executing: C:\Users\lauri\AppData\Local\Programs\Python\Python311\Lib\site-packages\selenium\webdriver\common\windows\selenium-manager.exe --browser edge --output json</msg>
<status status="PASS" starttime="20231109 09:13:02.098" endtime="20231109 09:13:06.756"/>
</kw>
<kw name="Maximize Browser Window" library="SeleniumLibrary">
<doc>Maximizes current browser window.</doc>
<status status="PASS" starttime="20231109 09:13:06.756" endtime="20231109 09:13:06.910"/>
</kw>
<kw name="loginToApplication">
<kw name="Click Link" library="SeleniumLibrary">
<arg>xpath:/html/body/div[6]/div[1]/div[1]/div[2]/div[1]/ul/li[2]/a</arg>
<doc>Clicks a link identified by ``locator``.</doc>
<msg timestamp="20231109 09:13:06.911" level="INFO">Clicking link 'xpath:/html/body/div[6]/div[1]/div[1]/div[2]/div[1]/ul/li[2]/a'.</msg>
<status status="PASS" starttime="20231109 09:13:06.911" endtime="20231109 09:13:07.357"/>
</kw>
<kw name="Input Text" library="SeleniumLibrary">
<arg>id:Email</arg>
<arg>lkyttl@gmail.com</arg>
<doc>Types the given ``text`` into the text field identified by ``locator``.</doc>
<msg timestamp="20231109 09:13:07.358" level="INFO">Typing text 'lkyttl@gmail.com' into text field 'id:Email'.</msg>
<status status="PASS" starttime="20231109 09:13:07.357" endtime="20231109 09:13:07.471"/>
</kw>
<kw name="Input Text" library="SeleniumLibrary">
<arg>id:Password</arg>
<arg>Tammiholma123</arg>
<doc>Types the given ``text`` into the text field identified by ``locator``.</doc>
<msg timestamp="20231109 09:13:07.472" level="INFO">Typing text 'Tammiholma123' into text field 'id:Password'.</msg>
<status status="PASS" starttime="20231109 09:13:07.471" endtime="20231109 09:13:07.575"/>
</kw>
<kw name="Sleep" library="BuiltIn">
<arg>0.5</arg>
<doc>Pauses the test executed for the given time.</doc>
<msg timestamp="20231109 09:13:08.076" level="INFO">Slept 500 milliseconds</msg>
<status status="PASS" starttime="20231109 09:13:07.576" endtime="20231109 09:13:08.076"/>
</kw>
<kw name="Click Element" library="SeleniumLibrary">
<arg>xpath:/html/body/div[6]/div[3]/div/div/div/div[2]/div[1]/div[2]/form/div[3]/button</arg>
<doc>Click the element identified by ``locator``.</doc>
<msg timestamp="20231109 09:13:08.078" level="INFO">Clicking element 'xpath:/html/body/div[6]/div[3]/div/div/div/div[2]/div[1]/div[2]/form/div[3]/button'.</msg>
<status status="PASS" starttime="20231109 09:13:08.076" endtime="20231109 09:13:08.740"/>
</kw>
<kw name="Sleep" library="BuiltIn">
<arg>2</arg>
<doc>Pauses the test executed for the given time.</doc>
<msg timestamp="20231109 09:13:10.741" level="INFO">Slept 2 seconds</msg>
<status status="PASS" starttime="20231109 09:13:08.740" endtime="20231109 09:13:10.741"/>
</kw>
<kw name="Click Element" library="SeleniumLibrary">
<arg>xpath:/html/body/div[6]/div[1]/div[1]/div[2]/div[1]/ul/li[2]/a</arg>
<doc>Click the element identified by ``locator``.</doc>
<msg timestamp="20231109 09:13:10.741" level="INFO">Clicking element 'xpath:/html/body/div[6]/div[1]/div[1]/div[2]/div[1]/ul/li[2]/a'.</msg>
<status status="PASS" starttime="20231109 09:13:10.741" endtime="20231109 09:13:11.944"/>
</kw>
<status status="PASS" starttime="20231109 09:13:06.910" endtime="20231109 09:13:11.944"/>
</kw>
<kw name="Sleep" library="BuiltIn">
<arg>4</arg>
<doc>Pauses the test executed for the given time.</doc>
<msg timestamp="20231109 09:13:15.944" level="INFO">Slept 4 seconds</msg>
<status status="PASS" starttime="20231109 09:13:11.944" endtime="20231109 09:13:15.944"/>
</kw>
<status status="PASS" starttime="20231109 09:13:02.097" endtime="20231109 09:13:15.945"/>
</test>
<status status="PASS" starttime="20231109 09:13:01.907" endtime="20231109 09:13:15.947"/>
</suite>
<statistics>
<total>
<stat pass="1" fail="0" skip="0">All Tests</stat>
</total>
<tag>
</tag>
<suite>
<stat pass="1" fail="0" skip="0" id="s1" name="TC1">TC1</stat>
</suite>
</statistics>
<errors>
</errors>
</robot>
